-- The C compiler identification is GNU 11.4.0
-- The CXX compiler identification is GNU 11.4.0
-- Detecting C compiler ABI info
-- Detecting C compiler ABI info - done
-- Check for working C compiler: /usr/bin/cc - skipped
-- Detecting C compile features
-- Detecting C compile features - done
-- Detecting CXX compiler ABI info
-- Detecting CXX compiler ABI info - done
-- Check for working CXX compiler: /usr/bin/c++ - skipped
-- Detecting CXX compile features
-- Detecting CXX compile features - done
-- Found ament_cmake: 1.3.12 (/opt/ros/humble/share/ament_cmake/cmake)
-- Found Python3: /usr/bin/python3 (found version "3.10.12") found components: Interpreter 
-- Configuring done
-- Generating done
[33mCMake Warning:
  Manually-specified variables were not used by the project:

    CATKIN_INSTALL_INTO_PREFIX_ROOT

[0m
-- Build files have been written to: /home/long/ros2_ws/src/build/final2
-- Install configuration: ""
-- Installing: /home/long/ros2_ws/src/install/final2/share/final2/launch
-- Installing: /home/long/ros2_ws/src/install/final2/share/final2/launch/display.launch
-- Installing: /home/long/ros2_ws/src/install/final2/share/final2/launch/scara_control.launch
-- Installing: /home/long/ros2_ws/src/install/final2/share/final2/launch/gazebo.launch
-- Installing: /home/long/ros2_ws/src/install/final2/share/final2/urdf
-- Installing: /home/long/ros2_ws/src/install/final2/share/final2/urdf/final2.urdf
-- Installing: /home/long/ros2_ws/src/install/final2/share/final2/urdf/final2.csv
-- Installing: /home/long/ros2_ws/src/install/final2/share/final2/meshes
-- Installing: /home/long/ros2_ws/src/install/final2/share/final2/meshes/Link1.STL
-- Installing: /home/long/ros2_ws/src/install/final2/share/final2/meshes/Link3.STL
-- Installing: /home/long/ros2_ws/src/install/final2/share/final2/meshes/base_link.STL
-- Installing: /home/long/ros2_ws/src/install/final2/share/final2/meshes/Link2.STL
-- Installing: /home/long/ros2_ws/src/install/final2/share/final2/config
-- Installing: /home/long/ros2_ws/src/install/final2/share/final2/config/joint_names_final2.yaml
-- Installing: /home/long/ros2_ws/src/install/final2/share/final2/config/scara_control.yaml
-- Installing: /home/long/ros2_ws/src/install/final2/share/ament_index/resource_index/package_run_dependencies/final2
-- Installing: /home/long/ros2_ws/src/install/final2/share/ament_index/resource_index/parent_prefix_path/final2
-- Installing: /home/long/ros2_ws/src/install/final2/share/final2/environment/ament_prefix_path.sh
-- Installing: /home/long/ros2_ws/src/install/final2/share/final2/environment/ament_prefix_path.dsv
-- Installing: /home/long/ros2_ws/src/install/final2/share/final2/environment/path.sh
-- Installing: /home/long/ros2_ws/src/install/final2/share/final2/environment/path.dsv
-- Installing: /home/long/ros2_ws/src/install/final2/share/final2/local_setup.bash
-- Installing: /home/long/ros2_ws/src/install/final2/share/final2/local_setup.sh
-- Installing: /home/long/ros2_ws/src/install/final2/share/final2/local_setup.zsh
-- Installing: /home/long/ros2_ws/src/install/final2/share/final2/local_setup.dsv
-- Installing: /home/long/ros2_ws/src/install/final2/share/final2/package.dsv
-- Installing: /home/long/ros2_ws/src/install/final2/share/ament_index/resource_index/packages/final2
-- Installing: /home/long/ros2_ws/src/install/final2/share/final2/cmake/final2Config.cmake
-- Installing: /home/long/ros2_ws/src/install/final2/share/final2/cmake/final2Config-version.cmake
-- Installing: /home/long/ros2_ws/src/install/final2/share/final2/package.xml
