[0.027s] Invoking command in '/home/long/ros2_ws/src/build/final2': /usr/bin/cmake /home/long/ros2_ws/src/final2 -DCATKIN_INSTALL_INTO_PREFIX_ROOT=0 -DCMAKE_INSTALL_PREFIX=/home/long/ros2_ws/src/install/final2
[0.833s] -- The C compiler identification is GNU 11.4.0
[1.469s] -- The CXX compiler identification is GNU 11.4.0
[1.549s] -- Detecting C compiler ABI info
[1.778s] -- Detecting C compiler ABI info - done
[1.793s] -- Check for working C compiler: /usr/bin/cc - skipped
[1.793s] -- Detecting C compile features
[1.809s] -- Detecting C compile features - done
[1.821s] -- Detecting CXX compiler ABI info
[2.000s] -- Detecting CXX compiler ABI info - done
[2.029s] -- Check for working CXX compiler: /usr/bin/c++ - skipped
[2.030s] -- Detecting CXX compile features
[2.031s] -- Detecting CXX compile features - done
[2.039s] -- Found ament_cmake: 1.3.12 (/opt/ros/humble/share/ament_cmake/cmake)
[2.279s] -- Found Python3: /usr/bin/python3 (found version "3.10.12") found components: Interpreter 
[2.515s] -- Configuring done
[2.523s] -- Generating done
[2.524s] [33mCMake Warning:
[2.525s]   Manually-specified variables were not used by the project:
[2.525s] 
[2.525s]     CATKIN_INSTALL_INTO_PREFIX_ROOT
[2.525s] 
[2.526s] [0m
[2.528s] -- Build files have been written to: /home/long/ros2_ws/src/build/final2
[2.537s] Invoked command in '/home/long/ros2_ws/src/build/final2' returned '0': /usr/bin/cmake /home/long/ros2_ws/src/final2 -DCATKIN_INSTALL_INTO_PREFIX_ROOT=0 -DCMAKE_INSTALL_PREFIX=/home/long/ros2_ws/src/install/final2
[2.541s] Invoking command in '/home/long/ros2_ws/src/build/final2': /usr/bin/cmake --build /home/long/ros2_ws/src/build/final2 -- -j8 -l8
[2.593s] Invoked command in '/home/long/ros2_ws/src/build/final2' returned '0': /usr/bin/cmake --build /home/long/ros2_ws/src/build/final2 -- -j8 -l8
[2.609s] Invoking command in '/home/long/ros2_ws/src/build/final2': /usr/bin/cmake --install /home/long/ros2_ws/src/build/final2
[2.618s] -- Install configuration: ""
[2.618s] -- Installing: /home/long/ros2_ws/src/install/final2/share/final2/launch
[2.619s] -- Installing: /home/long/ros2_ws/src/install/final2/share/final2/launch/display.launch
[2.619s] -- Installing: /home/long/ros2_ws/src/install/final2/share/final2/launch/scara_control.launch
[2.619s] -- Installing: /home/long/ros2_ws/src/install/final2/share/final2/launch/gazebo.launch
[2.619s] -- Installing: /home/long/ros2_ws/src/install/final2/share/final2/urdf
[2.619s] -- Installing: /home/long/ros2_ws/src/install/final2/share/final2/urdf/final2.urdf
[2.620s] -- Installing: /home/long/ros2_ws/src/install/final2/share/final2/urdf/final2.csv
[2.620s] -- Installing: /home/long/ros2_ws/src/install/final2/share/final2/meshes
[2.620s] -- Installing: /home/long/ros2_ws/src/install/final2/share/final2/meshes/Link1.STL
[2.620s] -- Installing: /home/long/ros2_ws/src/install/final2/share/final2/meshes/Link3.STL
[2.620s] -- Installing: /home/long/ros2_ws/src/install/final2/share/final2/meshes/base_link.STL
[2.621s] -- Installing: /home/long/ros2_ws/src/install/final2/share/final2/meshes/Link2.STL
[2.621s] -- Installing: /home/long/ros2_ws/src/install/final2/share/final2/config
[2.622s] -- Installing: /home/long/ros2_ws/src/install/final2/share/final2/config/joint_names_final2.yaml
[2.622s] -- Installing: /home/long/ros2_ws/src/install/final2/share/final2/config/scara_control.yaml
[2.622s] -- Installing: /home/long/ros2_ws/src/install/final2/share/ament_index/resource_index/package_run_dependencies/final2
[2.622s] -- Installing: /home/long/ros2_ws/src/install/final2/share/ament_index/resource_index/parent_prefix_path/final2
[2.622s] -- Installing: /home/long/ros2_ws/src/install/final2/share/final2/environment/ament_prefix_path.sh
[2.622s] -- Installing: /home/long/ros2_ws/src/install/final2/share/final2/environment/ament_prefix_path.dsv
[2.623s] -- Installing: /home/long/ros2_ws/src/install/final2/share/final2/environment/path.sh
[2.623s] -- Installing: /home/long/ros2_ws/src/install/final2/share/final2/environment/path.dsv
[2.623s] -- Installing: /home/long/ros2_ws/src/install/final2/share/final2/local_setup.bash
[2.623s] -- Installing: /home/long/ros2_ws/src/install/final2/share/final2/local_setup.sh
[2.623s] -- Installing: /home/long/ros2_ws/src/install/final2/share/final2/local_setup.zsh
[2.624s] -- Installing: /home/long/ros2_ws/src/install/final2/share/final2/local_setup.dsv
[2.624s] -- Installing: /home/long/ros2_ws/src/install/final2/share/final2/package.dsv
[2.624s] -- Installing: /home/long/ros2_ws/src/install/final2/share/ament_index/resource_index/packages/final2
[2.624s] -- Installing: /home/long/ros2_ws/src/install/final2/share/final2/cmake/final2Config.cmake
[2.624s] -- Installing: /home/long/ros2_ws/src/install/final2/share/final2/cmake/final2Config-version.cmake
[2.624s] -- Installing: /home/long/ros2_ws/src/install/final2/share/final2/package.xml
[2.627s] Invoked command in '/home/long/ros2_ws/src/build/final2' returned '0': /usr/bin/cmake --install /home/long/ros2_ws/src/build/final2
