[0.132s] DEBUG:colcon:Command line arguments: ['/usr/bin/colcon', 'build', '--packages-select', 'final2']
[0.132s] DEBUG:colcon:Parsed command line arguments: Namespace(log_base=None, log_level=None, verb_name='build', build_base='build', install_base='install', merge_install=False, symlink_install=False, test_result_base=None, continue_on_error=False, executor='parallel', parallel_workers=8, event_handlers=None, ignore_user_meta=False, metas=['./colcon.meta'], base_paths=['.'], packages_ignore=None, packages_ignore_regex=None, paths=None, packages_up_to=None, packages_up_to_regex=None, packages_above=None, packages_above_and_dependencies=None, packages_above_depth=None, packages_select_by_dep=None, packages_skip_by_dep=None, packages_skip_up_to=None, packages_select_build_failed=False, packages_skip_build_finished=False, packages_select_test_failures=False, packages_skip_test_passed=False, packages_select=['final2'], packages_skip=None, packages_select_regex=None, packages_skip_regex=None, packages_start=None, packages_end=None, allow_overriding=[], cmake_args=None, cmake_target=None, cmake_target_skip_unavailable=False, cmake_clean_cache=False, cmake_clean_first=False, cmake_force_configure=False, ament_cmake_args=None, catkin_cmake_args=None, catkin_skip_building_tests=False, mixin_files=None, mixin=None, verb_parser=<colcon_mixin.mixin.mixin_argument.MixinArgumentDecorator object at 0x7fb71cece3b0>, verb_extension=<colcon_core.verb.build.BuildVerb object at 0x7fb71cfcb370>, main=<bound method BuildVerb.main of <colcon_core.verb.build.BuildVerb object at 0x7fb71cfcb370>>, mixin_verb=('build',))
[0.357s] Level 1:colcon.colcon_core.package_discovery:discover_packages(colcon_meta) check parameters
[0.357s] Level 1:colcon.colcon_core.package_discovery:discover_packages(recursive) check parameters
[0.357s] Level 1:colcon.colcon_core.package_discovery:discover_packages(ignore) check parameters
[0.357s] Level 1:colcon.colcon_core.package_discovery:discover_packages(path) check parameters
[0.357s] Level 1:colcon.colcon_core.package_discovery:discover_packages(colcon_meta) discover
[0.357s] Level 1:colcon.colcon_core.package_discovery:discover_packages(recursive) discover
[0.357s] INFO:colcon.colcon_core.package_discovery:Crawling recursively for packages in '/home/long/ros2_ws/src'
[0.357s] Level 1:colcon.colcon_core.package_identification:_identify(.) by extensions ['ignore', 'ignore_ament_install']
[0.358s] Level 1:colcon.colcon_core.package_identification:_identify(.) by extension 'ignore'
[0.358s] Level 1:colcon.colcon_core.package_identification:_identify(.) by extension 'ignore_ament_install'
[0.358s] Level 1:colcon.colcon_core.package_identification:_identify(.) by extensions ['colcon_pkg']
[0.358s] Level 1:colcon.colcon_core.package_identification:_identify(.) by extension 'colcon_pkg'
[0.358s] Level 1:colcon.colcon_core.package_identification:_identify(.) by extensions ['colcon_meta']
[0.358s] Level 1:colcon.colcon_core.package_identification:_identify(.) by extension 'colcon_meta'
[0.358s] Level 1:colcon.colcon_core.package_identification:_identify(.) by extensions ['ros']
[0.358s] Level 1:colcon.colcon_core.package_identification:_identify(.) by extension 'ros'
[0.371s] Level 1:colcon.colcon_core.package_identification:_identify(.) by extensions ['cmake', 'python']
[0.371s] Level 1:colcon.colcon_core.package_identification:_identify(.) by extension 'cmake'
[0.371s] Level 1:colcon.colcon_core.package_identification:_identify(.) by extension 'python'
[0.371s] Level 1:colcon.colcon_core.package_identification:_identify(.) by extensions ['python_setup_py']
[0.371s] Level 1:colcon.colcon_core.package_identification:_identify(.) by extension 'python_setup_py'
[0.371s] Level 1:colcon.colcon_core.package_identification:_identify(build) by extensions ['ignore', 'ignore_ament_install']
[0.371s] Level 1:colcon.colcon_core.package_identification:_identify(build) by extension 'ignore'
[0.371s] Level 1:colcon.colcon_core.package_identification:_identify(build) ignored
[0.371s] Level 1:colcon.colcon_core.package_identification:_identify(final2) by extensions ['ignore', 'ignore_ament_install']
[0.371s] Level 1:colcon.colcon_core.package_identification:_identify(final2) by extension 'ignore'
[0.371s] Level 1:colcon.colcon_core.package_identification:_identify(final2) by extension 'ignore_ament_install'
[0.372s] Level 1:colcon.colcon_core.package_identification:_identify(final2) by extensions ['colcon_pkg']
[0.372s] Level 1:colcon.colcon_core.package_identification:_identify(final2) by extension 'colcon_pkg'
[0.372s] Level 1:colcon.colcon_core.package_identification:_identify(final2) by extensions ['colcon_meta']
[0.372s] Level 1:colcon.colcon_core.package_identification:_identify(final2) by extension 'colcon_meta'
[0.372s] Level 1:colcon.colcon_core.package_identification:_identify(final2) by extensions ['ros']
[0.372s] Level 1:colcon.colcon_core.package_identification:_identify(final2) by extension 'ros'
[0.375s] DEBUG:colcon.colcon_core.package_identification:Package 'final2' with type 'ros.catkin' and name 'FINAL2'
[0.375s] Level 1:colcon.colcon_core.package_identification:_identify(install) by extensions ['ignore', 'ignore_ament_install']
[0.375s] Level 1:colcon.colcon_core.package_identification:_identify(install) by extension 'ignore'
[0.375s] Level 1:colcon.colcon_core.package_identification:_identify(install) ignored
[0.375s] Level 1:colcon.colcon_core.package_identification:_identify(log) by extensions ['ignore', 'ignore_ament_install']
[0.375s] Level 1:colcon.colcon_core.package_identification:_identify(log) by extension 'ignore'
[0.375s] Level 1:colcon.colcon_core.package_identification:_identify(log) ignored
[0.375s] Level 1:colcon.colcon_core.package_identification:_identify(myrobot) by extensions ['ignore', 'ignore_ament_install']
[0.376s] Level 1:colcon.colcon_core.package_identification:_identify(myrobot) by extension 'ignore'
[0.376s] Level 1:colcon.colcon_core.package_identification:_identify(myrobot) by extension 'ignore_ament_install'
[0.376s] Level 1:colcon.colcon_core.package_identification:_identify(myrobot) by extensions ['colcon_pkg']
[0.376s] Level 1:colcon.colcon_core.package_identification:_identify(myrobot) by extension 'colcon_pkg'
[0.376s] Level 1:colcon.colcon_core.package_identification:_identify(myrobot) by extensions ['colcon_meta']
[0.376s] Level 1:colcon.colcon_core.package_identification:_identify(myrobot) by extension 'colcon_meta'
[0.376s] Level 1:colcon.colcon_core.package_identification:_identify(myrobot) by extensions ['ros']
[0.376s] Level 1:colcon.colcon_core.package_identification:_identify(myrobot) by extension 'ros'
[0.377s] DEBUG:colcon.colcon_core.package_identification:Package 'myrobot' with type 'ros.ament_cmake' and name 'myrobot'
[0.377s] Level 1:colcon.colcon_core.package_discovery:discover_packages(recursive) using defaults
[0.377s] Level 1:colcon.colcon_core.package_discovery:discover_packages(ignore) discover
[0.377s] Level 1:colcon.colcon_core.package_discovery:discover_packages(ignore) using defaults
[0.377s] Level 1:colcon.colcon_core.package_discovery:discover_packages(path) discover
[0.377s] Level 1:colcon.colcon_core.package_discovery:discover_packages(path) using defaults
[0.378s] WARNING:colcon.colcon_core.package_selection:ignoring unknown package 'final2' in --packages-select
[0.415s] INFO:colcon.colcon_core.package_selection:Skipping not selected package 'FINAL2' in 'final2'
[0.415s] INFO:colcon.colcon_core.package_selection:Skipping not selected package 'myrobot' in 'myrobot'
[0.415s] Level 1:colcon.colcon_core.package_discovery:discover_packages(prefix_path) check parameters
[0.415s] Level 1:colcon.colcon_core.package_discovery:discover_packages(prefix_path) discover
[0.417s] DEBUG:colcon.colcon_installed_package_information.package_discovery:Found 2 installed packages in /home/long/ros2_ws/install
[0.419s] DEBUG:colcon.colcon_installed_package_information.package_discovery:Found 357 installed packages in /opt/ros/humble
[0.422s] Level 1:colcon.colcon_core.package_discovery:discover_packages(prefix_path) using defaults
[0.486s] INFO:colcon.colcon_core.executor:Executing jobs using 'parallel' executor
[0.488s] DEBUG:colcon.colcon_parallel_executor.executor.parallel:run_until_complete
[0.488s] DEBUG:colcon.colcon_parallel_executor.executor.parallel:closing loop
[0.488s] DEBUG:colcon.colcon_parallel_executor.executor.parallel:loop closed
[0.488s] DEBUG:colcon.colcon_parallel_executor.executor.parallel:run_until_complete finished with '0'
[0.488s] DEBUG:colcon.colcon_core.event_reactor:joining thread
[0.496s] INFO:colcon.colcon_core.plugin_system:Skipping extension 'colcon_notification.desktop_notification.terminal_notifier': Not used on non-Darwin systems
[0.496s] INFO:colcon.colcon_core.plugin_system:Skipping extension 'colcon_notification.desktop_notification.win32': Not used on non-Windows systems
[0.496s] INFO:colcon.colcon_notification.desktop_notification:Sending desktop notification using 'notify2'
[0.535s] DEBUG:colcon.colcon_core.event_reactor:joined thread
[0.538s] INFO:colcon.colcon_core.plugin_system:Skipping extension 'colcon_core.shell.bat': Not used on non-Windows systems
[0.538s] INFO:colcon.colcon_core.shell:Creating prefix script '/home/long/ros2_ws/src/install/local_setup.ps1'
[0.539s] INFO:colcon.colcon_core.shell:Creating prefix util module '/home/long/ros2_ws/src/install/_local_setup_util_ps1.py'
[0.541s] INFO:colcon.colcon_core.shell:Creating prefix chain script '/home/long/ros2_ws/src/install/setup.ps1'
[0.542s] INFO:colcon.colcon_core.shell:Creating prefix script '/home/long/ros2_ws/src/install/local_setup.sh'
[0.543s] INFO:colcon.colcon_core.shell:Creating prefix util module '/home/long/ros2_ws/src/install/_local_setup_util_sh.py'
[0.544s] INFO:colcon.colcon_core.shell:Creating prefix chain script '/home/long/ros2_ws/src/install/setup.sh'
[0.545s] INFO:colcon.colcon_core.shell:Creating prefix script '/home/long/ros2_ws/src/install/local_setup.bash'
[0.545s] INFO:colcon.colcon_core.shell:Creating prefix chain script '/home/long/ros2_ws/src/install/setup.bash'
[0.547s] INFO:colcon.colcon_core.shell:Creating prefix script '/home/long/ros2_ws/src/install/local_setup.zsh'
[0.547s] INFO:colcon.colcon_core.shell:Creating prefix chain script '/home/long/ros2_ws/src/install/setup.zsh'
