-- Install configuration: ""
-- Up-to-date: /home/long/ros2_ws/src/install/final2/share/final2/launch
-- Up-to-date: /home/long/ros2_ws/src/install/final2/share/final2/launch/display.launch
-- Up-to-date: /home/long/ros2_ws/src/install/final2/share/final2/launch/scara_control.launch
-- Up-to-date: /home/long/ros2_ws/src/install/final2/share/final2/launch/gazebo.launch
-- Up-to-date: /home/long/ros2_ws/src/install/final2/share/final2/urdf
-- Up-to-date: /home/long/ros2_ws/src/install/final2/share/final2/urdf/final2.urdf
-- Up-to-date: /home/long/ros2_ws/src/install/final2/share/final2/urdf/final2.csv
-- Up-to-date: /home/long/ros2_ws/src/install/final2/share/final2/meshes
-- Up-to-date: /home/long/ros2_ws/src/install/final2/share/final2/meshes/Link1.STL
-- Up-to-date: /home/long/ros2_ws/src/install/final2/share/final2/meshes/Link3.STL
-- Up-to-date: /home/long/ros2_ws/src/install/final2/share/final2/meshes/base_link.STL
-- Up-to-date: /home/long/ros2_ws/src/install/final2/share/final2/meshes/Link2.STL
-- Up-to-date: /home/long/ros2_ws/src/install/final2/share/final2/config
-- Up-to-date: /home/long/ros2_ws/src/install/final2/share/final2/config/joint_names_final2.yaml
-- Up-to-date: /home/long/ros2_ws/src/install/final2/share/final2/config/scara_control.yaml
-- Up-to-date: /home/long/ros2_ws/src/install/final2/share/ament_index/resource_index/package_run_dependencies/final2
-- Up-to-date: /home/long/ros2_ws/src/install/final2/share/ament_index/resource_index/parent_prefix_path/final2
-- Up-to-date: /home/long/ros2_ws/src/install/final2/share/final2/environment/ament_prefix_path.sh
-- Up-to-date: /home/long/ros2_ws/src/install/final2/share/final2/environment/ament_prefix_path.dsv
-- Up-to-date: /home/long/ros2_ws/src/install/final2/share/final2/environment/path.sh
-- Up-to-date: /home/long/ros2_ws/src/install/final2/share/final2/environment/path.dsv
-- Up-to-date: /home/long/ros2_ws/src/install/final2/share/final2/local_setup.bash
-- Up-to-date: /home/long/ros2_ws/src/install/final2/share/final2/local_setup.sh
-- Up-to-date: /home/long/ros2_ws/src/install/final2/share/final2/local_setup.zsh
-- Up-to-date: /home/long/ros2_ws/src/install/final2/share/final2/local_setup.dsv
-- Up-to-date: /home/long/ros2_ws/src/install/final2/share/final2/package.dsv
-- Up-to-date: /home/long/ros2_ws/src/install/final2/share/ament_index/resource_index/packages/final2
-- Up-to-date: /home/long/ros2_ws/src/install/final2/share/final2/cmake/final2Config.cmake
-- Up-to-date: /home/long/ros2_ws/src/install/final2/share/final2/cmake/final2Config-version.cmake
-- Up-to-date: /home/long/ros2_ws/src/install/final2/share/final2/package.xml
