[0.132s] DEBUG:colcon:Command line arguments: ['/usr/bin/colcon', 'build', '--packages-select', 'final2']
[0.132s] DEBUG:colcon:Parsed command line arguments: Namespace(log_base=None, log_level=None, verb_name='build', build_base='build', install_base='install', merge_install=False, symlink_install=False, test_result_base=None, continue_on_error=False, executor='parallel', parallel_workers=8, event_handlers=None, ignore_user_meta=False, metas=['./colcon.meta'], base_paths=['.'], packages_ignore=None, packages_ignore_regex=None, paths=None, packages_up_to=None, packages_up_to_regex=None, packages_above=None, packages_above_and_dependencies=None, packages_above_depth=None, packages_select_by_dep=None, packages_skip_by_dep=None, packages_skip_up_to=None, packages_select_build_failed=False, packages_skip_build_finished=False, packages_select_test_failures=False, packages_skip_test_passed=False, packages_select=['final2'], packages_skip=None, packages_select_regex=None, packages_skip_regex=None, packages_start=None, packages_end=None, allow_overriding=[], cmake_args=None, cmake_target=None, cmake_target_skip_unavailable=False, cmake_clean_cache=False, cmake_clean_first=False, cmake_force_configure=False, ament_cmake_args=None, catkin_cmake_args=None, catkin_skip_building_tests=False, mixin_files=None, mixin=None, verb_parser=<colcon_mixin.mixin.mixin_argument.MixinArgumentDecorator object at 0x7835df8123b0>, verb_extension=<colcon_core.verb.build.BuildVerb object at 0x7835df90f370>, main=<bound method BuildVerb.main of <colcon_core.verb.build.BuildVerb object at 0x7835df90f370>>, mixin_verb=('build',))
[0.371s] Level 1:colcon.colcon_core.package_discovery:discover_packages(colcon_meta) check parameters
[0.371s] Level 1:colcon.colcon_core.package_discovery:discover_packages(recursive) check parameters
[0.371s] Level 1:colcon.colcon_core.package_discovery:discover_packages(ignore) check parameters
[0.371s] Level 1:colcon.colcon_core.package_discovery:discover_packages(path) check parameters
[0.371s] Level 1:colcon.colcon_core.package_discovery:discover_packages(colcon_meta) discover
[0.371s] Level 1:colcon.colcon_core.package_discovery:discover_packages(recursive) discover
[0.372s] INFO:colcon.colcon_core.package_discovery:Crawling recursively for packages in '/home/long/ros2_ws/src'
[0.372s] Level 1:colcon.colcon_core.package_identification:_identify(.) by extensions ['ignore', 'ignore_ament_install']
[0.372s] Level 1:colcon.colcon_core.package_identification:_identify(.) by extension 'ignore'
[0.372s] Level 1:colcon.colcon_core.package_identification:_identify(.) by extension 'ignore_ament_install'
[0.372s] Level 1:colcon.colcon_core.package_identification:_identify(.) by extensions ['colcon_pkg']
[0.372s] Level 1:colcon.colcon_core.package_identification:_identify(.) by extension 'colcon_pkg'
[0.372s] Level 1:colcon.colcon_core.package_identification:_identify(.) by extensions ['colcon_meta']
[0.372s] Level 1:colcon.colcon_core.package_identification:_identify(.) by extension 'colcon_meta'
[0.372s] Level 1:colcon.colcon_core.package_identification:_identify(.) by extensions ['ros']
[0.372s] Level 1:colcon.colcon_core.package_identification:_identify(.) by extension 'ros'
[0.385s] Level 1:colcon.colcon_core.package_identification:_identify(.) by extensions ['cmake', 'python']
[0.385s] Level 1:colcon.colcon_core.package_identification:_identify(.) by extension 'cmake'
[0.385s] Level 1:colcon.colcon_core.package_identification:_identify(.) by extension 'python'
[0.385s] Level 1:colcon.colcon_core.package_identification:_identify(.) by extensions ['python_setup_py']
[0.385s] Level 1:colcon.colcon_core.package_identification:_identify(.) by extension 'python_setup_py'
[0.385s] Level 1:colcon.colcon_core.package_identification:_identify(build) by extensions ['ignore', 'ignore_ament_install']
[0.386s] Level 1:colcon.colcon_core.package_identification:_identify(build) by extension 'ignore'
[0.386s] Level 1:colcon.colcon_core.package_identification:_identify(build) ignored
[0.386s] Level 1:colcon.colcon_core.package_identification:_identify(final2) by extensions ['ignore', 'ignore_ament_install']
[0.386s] Level 1:colcon.colcon_core.package_identification:_identify(final2) by extension 'ignore'
[0.386s] Level 1:colcon.colcon_core.package_identification:_identify(final2) by extension 'ignore_ament_install'
[0.386s] Level 1:colcon.colcon_core.package_identification:_identify(final2) by extensions ['colcon_pkg']
[0.386s] Level 1:colcon.colcon_core.package_identification:_identify(final2) by extension 'colcon_pkg'
[0.386s] Level 1:colcon.colcon_core.package_identification:_identify(final2) by extensions ['colcon_meta']
[0.386s] Level 1:colcon.colcon_core.package_identification:_identify(final2) by extension 'colcon_meta'
[0.386s] Level 1:colcon.colcon_core.package_identification:_identify(final2) by extensions ['ros']
[0.386s] Level 1:colcon.colcon_core.package_identification:_identify(final2) by extension 'ros'
[0.389s] DEBUG:colcon.colcon_core.package_identification:Package 'final2' with type 'ros.catkin' and name 'final2'
[0.389s] Level 1:colcon.colcon_core.package_identification:_identify(install) by extensions ['ignore', 'ignore_ament_install']
[0.390s] Level 1:colcon.colcon_core.package_identification:_identify(install) by extension 'ignore'
[0.390s] Level 1:colcon.colcon_core.package_identification:_identify(install) ignored
[0.390s] Level 1:colcon.colcon_core.package_identification:_identify(log) by extensions ['ignore', 'ignore_ament_install']
[0.390s] Level 1:colcon.colcon_core.package_identification:_identify(log) by extension 'ignore'
[0.390s] Level 1:colcon.colcon_core.package_identification:_identify(log) ignored
[0.390s] Level 1:colcon.colcon_core.package_identification:_identify(myrobot) by extensions ['ignore', 'ignore_ament_install']
[0.390s] Level 1:colcon.colcon_core.package_identification:_identify(myrobot) by extension 'ignore'
[0.390s] Level 1:colcon.colcon_core.package_identification:_identify(myrobot) by extension 'ignore_ament_install'
[0.390s] Level 1:colcon.colcon_core.package_identification:_identify(myrobot) by extensions ['colcon_pkg']
[0.390s] Level 1:colcon.colcon_core.package_identification:_identify(myrobot) by extension 'colcon_pkg'
[0.390s] Level 1:colcon.colcon_core.package_identification:_identify(myrobot) by extensions ['colcon_meta']
[0.390s] Level 1:colcon.colcon_core.package_identification:_identify(myrobot) by extension 'colcon_meta'
[0.390s] Level 1:colcon.colcon_core.package_identification:_identify(myrobot) by extensions ['ros']
[0.391s] Level 1:colcon.colcon_core.package_identification:_identify(myrobot) by extension 'ros'
[0.391s] DEBUG:colcon.colcon_core.package_identification:Package 'myrobot' with type 'ros.ament_cmake' and name 'myrobot'
[0.392s] Level 1:colcon.colcon_core.package_discovery:discover_packages(recursive) using defaults
[0.392s] Level 1:colcon.colcon_core.package_discovery:discover_packages(ignore) discover
[0.392s] Level 1:colcon.colcon_core.package_discovery:discover_packages(ignore) using defaults
[0.392s] Level 1:colcon.colcon_core.package_discovery:discover_packages(path) discover
[0.392s] Level 1:colcon.colcon_core.package_discovery:discover_packages(path) using defaults
[0.426s] INFO:colcon.colcon_core.package_selection:Skipping not selected package 'myrobot' in 'myrobot'
[0.426s] Level 1:colcon.colcon_core.package_discovery:discover_packages(prefix_path) check parameters
[0.426s] Level 1:colcon.colcon_core.package_discovery:discover_packages(prefix_path) discover
[0.428s] DEBUG:colcon.colcon_installed_package_information.package_discovery:Found 2 installed packages in /home/long/ros2_ws/install
[0.430s] DEBUG:colcon.colcon_installed_package_information.package_discovery:Found 357 installed packages in /opt/ros/humble
[0.433s] Level 1:colcon.colcon_core.package_discovery:discover_packages(prefix_path) using defaults
[0.497s] Level 5:colcon.colcon_core.verb:set package 'final2' build argument 'cmake_args' from command line to 'None'
[0.497s] Level 5:colcon.colcon_core.verb:set package 'final2' build argument 'cmake_target' from command line to 'None'
[0.497s] Level 5:colcon.colcon_core.verb:set package 'final2' build argument 'cmake_target_skip_unavailable' from command line to 'False'
[0.497s] Level 5:colcon.colcon_core.verb:set package 'final2' build argument 'cmake_clean_cache' from command line to 'False'
[0.497s] Level 5:colcon.colcon_core.verb:set package 'final2' build argument 'cmake_clean_first' from command line to 'False'
[0.497s] Level 5:colcon.colcon_core.verb:set package 'final2' build argument 'cmake_force_configure' from command line to 'False'
[0.497s] Level 5:colcon.colcon_core.verb:set package 'final2' build argument 'ament_cmake_args' from command line to 'None'
[0.497s] Level 5:colcon.colcon_core.verb:set package 'final2' build argument 'catkin_cmake_args' from command line to 'None'
[0.497s] Level 5:colcon.colcon_core.verb:set package 'final2' build argument 'catkin_skip_building_tests' from command line to 'False'
[0.497s] DEBUG:colcon.colcon_core.verb:Building package 'final2' with the following arguments: {'ament_cmake_args': None, 'build_base': '/home/long/ros2_ws/src/build/final2', 'catkin_cmake_args': None, 'catkin_skip_building_tests': False, 'cmake_args': None, 'cmake_clean_cache': False, 'cmake_clean_first': False, 'cmake_force_configure': False, 'cmake_target': None, 'cmake_target_skip_unavailable': False, 'install_base': '/home/long/ros2_ws/src/install/final2', 'merge_install': False, 'path': '/home/long/ros2_ws/src/final2', 'symlink_install': False, 'test_result_base': None}
[0.497s] INFO:colcon.colcon_core.executor:Executing jobs using 'parallel' executor
[0.499s] DEBUG:colcon.colcon_parallel_executor.executor.parallel:run_until_complete
[0.499s] INFO:colcon.colcon_ros.task.catkin.build:Building ROS package in '/home/long/ros2_ws/src/final2' with build type 'catkin'
[0.499s] INFO:colcon.colcon_cmake.task.cmake.build:Building CMake package in '/home/long/ros2_ws/src/final2'
[0.502s] INFO:colcon.colcon_core.plugin_system:Skipping extension 'colcon_core.shell.bat': Not used on non-Windows systems
[0.502s] INFO:colcon.colcon_core.shell:Skip shell extension 'powershell' for command environment: Not usable outside of PowerShell
[0.502s] DEBUG:colcon.colcon_core.shell:Skip shell extension 'dsv' for command environment
[0.527s] DEBUG:colcon.colcon_core.event_handler.log_command:Invoking command in '/home/long/ros2_ws/src/build/final2': /usr/bin/cmake /home/long/ros2_ws/src/final2 -DCATKIN_INSTALL_INTO_PREFIX_ROOT=0 -DCMAKE_INSTALL_PREFIX=/home/long/ros2_ws/src/install/final2
[3.037s] DEBUG:colcon.colcon_core.event_handler.log_command:Invoked command in '/home/long/ros2_ws/src/build/final2' returned '0': /usr/bin/cmake /home/long/ros2_ws/src/final2 -DCATKIN_INSTALL_INTO_PREFIX_ROOT=0 -DCMAKE_INSTALL_PREFIX=/home/long/ros2_ws/src/install/final2
[3.041s] DEBUG:colcon.colcon_core.event_handler.log_command:Invoking command in '/home/long/ros2_ws/src/build/final2': /usr/bin/cmake --build /home/long/ros2_ws/src/build/final2 -- -j8 -l8
[3.093s] DEBUG:colcon.colcon_core.event_handler.log_command:Invoked command in '/home/long/ros2_ws/src/build/final2' returned '0': /usr/bin/cmake --build /home/long/ros2_ws/src/build/final2 -- -j8 -l8
[3.109s] DEBUG:colcon.colcon_core.event_handler.log_command:Invoking command in '/home/long/ros2_ws/src/build/final2': /usr/bin/cmake --install /home/long/ros2_ws/src/build/final2
[3.127s] DEBUG:colcon.colcon_core.event_handler.log_command:Invoked command in '/home/long/ros2_ws/src/build/final2' returned '0': /usr/bin/cmake --install /home/long/ros2_ws/src/build/final2
[3.128s] Level 1:colcon.colcon_core.shell:create_environment_hook('final2', 'ros_package_path')
[3.129s] INFO:colcon.colcon_core.shell:Creating environment hook '/home/long/ros2_ws/src/install/final2/share/final2/hook/ros_package_path.ps1'
[3.131s] INFO:colcon.colcon_core.shell:Creating environment descriptor '/home/long/ros2_ws/src/install/final2/share/final2/hook/ros_package_path.dsv'
[3.132s] INFO:colcon.colcon_core.shell:Creating environment hook '/home/long/ros2_ws/src/install/final2/share/final2/hook/ros_package_path.sh'
[3.134s] Level 1:colcon.colcon_core.shell:create_environment_hook('final2', 'pkg_config_path')
[3.135s] INFO:colcon.colcon_core.shell:Creating environment hook '/home/long/ros2_ws/src/install/final2/share/final2/hook/pkg_config_path.ps1'
[3.136s] INFO:colcon.colcon_core.shell:Creating environment descriptor '/home/long/ros2_ws/src/install/final2/share/final2/hook/pkg_config_path.dsv'
[3.136s] INFO:colcon.colcon_core.shell:Creating environment hook '/home/long/ros2_ws/src/install/final2/share/final2/hook/pkg_config_path.sh'
[3.140s] Level 1:colcon.colcon_core.shell:create_environment_hook('final2', 'pkg_config_path_multiarch')
[3.141s] INFO:colcon.colcon_core.shell:Creating environment hook '/home/long/ros2_ws/src/install/final2/share/final2/hook/pkg_config_path_multiarch.ps1'
[3.142s] INFO:colcon.colcon_core.shell:Creating environment descriptor '/home/long/ros2_ws/src/install/final2/share/final2/hook/pkg_config_path_multiarch.dsv'
[3.144s] INFO:colcon.colcon_core.shell:Creating environment hook '/home/long/ros2_ws/src/install/final2/share/final2/hook/pkg_config_path_multiarch.sh'
[3.147s] Level 1:colcon.colcon_core.environment:create_environment_scripts_only(final2)
[3.155s] Level 1:colcon.colcon_core.environment:checking '/home/long/ros2_ws/src/install/final2' for CMake module files
[3.157s] Level 1:colcon.colcon_core.environment:checking '/home/long/ros2_ws/src/install/final2' for CMake config files
[3.158s] Level 1:colcon.colcon_core.shell:create_environment_hook('final2', 'cmake_prefix_path')
[3.160s] INFO:colcon.colcon_core.shell:Creating environment hook '/home/long/ros2_ws/src/install/final2/share/final2/hook/cmake_prefix_path.ps1'
[3.161s] INFO:colcon.colcon_core.shell:Creating environment descriptor '/home/long/ros2_ws/src/install/final2/share/final2/hook/cmake_prefix_path.dsv'
[3.162s] INFO:colcon.colcon_core.shell:Creating environment hook '/home/long/ros2_ws/src/install/final2/share/final2/hook/cmake_prefix_path.sh'
[3.164s] Level 1:colcon.colcon_core.environment:checking '/home/long/ros2_ws/src/install/final2/bin'
[3.164s] Level 1:colcon.colcon_core.environment:checking '/home/long/ros2_ws/src/install/final2/lib/pkgconfig/final2.pc'
[3.165s] Level 1:colcon.colcon_core.environment:checking '/home/long/ros2_ws/src/install/final2/lib/python3.10/site-packages'
[3.167s] Level 1:colcon.colcon_core.environment:checking '/home/long/ros2_ws/src/install/final2/bin'
[3.168s] INFO:colcon.colcon_core.shell:Creating package script '/home/long/ros2_ws/src/install/final2/share/final2/package.ps1'
[3.171s] INFO:colcon.colcon_core.shell:Creating package descriptor '/home/long/ros2_ws/src/install/final2/share/final2/package.dsv'
[3.173s] INFO:colcon.colcon_core.shell:Creating package script '/home/long/ros2_ws/src/install/final2/share/final2/package.sh'
[3.175s] INFO:colcon.colcon_core.shell:Creating package script '/home/long/ros2_ws/src/install/final2/share/final2/package.bash'
[3.177s] INFO:colcon.colcon_core.shell:Creating package script '/home/long/ros2_ws/src/install/final2/share/final2/package.zsh'
[3.178s] Level 1:colcon.colcon_core.environment:create_file_with_runtime_dependencies(/home/long/ros2_ws/src/install/final2/share/colcon-core/packages/final2)
[3.179s] DEBUG:colcon.colcon_parallel_executor.executor.parallel:closing loop
[3.180s] DEBUG:colcon.colcon_parallel_executor.executor.parallel:loop closed
[3.180s] DEBUG:colcon.colcon_parallel_executor.executor.parallel:run_until_complete finished with '0'
[3.180s] DEBUG:colcon.colcon_core.event_reactor:joining thread
[3.197s] INFO:colcon.colcon_core.plugin_system:Skipping extension 'colcon_notification.desktop_notification.terminal_notifier': Not used on non-Darwin systems
[3.197s] INFO:colcon.colcon_core.plugin_system:Skipping extension 'colcon_notification.desktop_notification.win32': Not used on non-Windows systems
[3.197s] INFO:colcon.colcon_notification.desktop_notification:Sending desktop notification using 'notify2'
[3.234s] DEBUG:colcon.colcon_core.event_reactor:joined thread
[3.235s] INFO:colcon.colcon_core.shell:Creating prefix script '/home/long/ros2_ws/src/install/local_setup.ps1'
[3.238s] INFO:colcon.colcon_core.shell:Creating prefix util module '/home/long/ros2_ws/src/install/_local_setup_util_ps1.py'
[3.243s] INFO:colcon.colcon_core.shell:Creating prefix chain script '/home/long/ros2_ws/src/install/setup.ps1'
[3.247s] INFO:colcon.colcon_core.shell:Creating prefix script '/home/long/ros2_ws/src/install/local_setup.sh'
[3.250s] INFO:colcon.colcon_core.shell:Creating prefix util module '/home/long/ros2_ws/src/install/_local_setup_util_sh.py'
[3.254s] INFO:colcon.colcon_core.shell:Creating prefix chain script '/home/long/ros2_ws/src/install/setup.sh'
[3.261s] INFO:colcon.colcon_core.shell:Creating prefix script '/home/long/ros2_ws/src/install/local_setup.bash'
[3.263s] INFO:colcon.colcon_core.shell:Creating prefix chain script '/home/long/ros2_ws/src/install/setup.bash'
[3.270s] INFO:colcon.colcon_core.shell:Creating prefix script '/home/long/ros2_ws/src/install/local_setup.zsh'
[3.273s] INFO:colcon.colcon_core.shell:Creating prefix chain script '/home/long/ros2_ws/src/install/setup.zsh'
